{"/Users/developer/Final-Project-Linkedin-1/final-project/src/components/Header/index.jsx": {"path":"/Users/developer/Final-Project-Linkedin-1/final-project/src/components/Header/index.jsx","statementMap":{"0":{"start":{"line":17,"column":28},"end":{"line":17,"column":40}},"1":{"start":{"line":18,"column":32},"end":{"line":18,"column":44}},"2":{"start":{"line":19,"column":28},"end":{"line":19,"column":43}},"3":{"start":{"line":21,"column":2},"end":{"line":24,"column":9}},"4":{"start":{"line":22,"column":18},"end":{"line":22,"column":67}},"5":{"start":{"line":23,"column":4},"end":{"line":23,"column":22}},"6":{"start":{"line":26,"column":24},"end":{"line":31,"column":3}},"7":{"start":{"line":27,"column":19},"end":{"line":27,"column":50}},"8":{"start":{"line":28,"column":4},"end":{"line":28,"column":60}},"9":{"start":{"line":29,"column":4},"end":{"line":29,"column":23}},"10":{"start":{"line":30,"column":4},"end":{"line":30,"column":17}},"11":{"start":{"line":33,"column":25},"end":{"line":38,"column":3}},"12":{"start":{"line":34,"column":4},"end":{"line":37,"column":5}},"13":{"start":{"line":35,"column":6},"end":{"line":35,"column":29}},"14":{"start":{"line":36,"column":6},"end":{"line":36,"column":22}},"15":{"start":{"line":40,"column":23},"end":{"line":42,"column":3}},"16":{"start":{"line":41,"column":4},"end":{"line":41,"column":33}},"17":{"start":{"line":44,"column":22},"end":{"line":46,"column":3}},"18":{"start":{"line":45,"column":4},"end":{"line":45,"column":19}},"19":{"start":{"line":47,"column":21},"end":{"line":49,"column":3}},"20":{"start":{"line":48,"column":4},"end":{"line":48,"column":19}},"21":{"start":{"line":50,"column":2},"end":{"line":160,"column":4}},"22":{"start":{"line":74,"column":16},"end":{"line":74,"column":68}},"23":{"start":{"line":85,"column":14},"end":{"line":85,"column":63}},"24":{"start":{"line":96,"column":14},"end":{"line":96,"column":63}},"25":{"start":{"line":107,"column":14},"end":{"line":107,"column":63}},"26":{"start":{"line":118,"column":14},"end":{"line":118,"column":63}},"27":{"start":{"line":129,"column":14},"end":{"line":129,"column":63}}},"fnMap":{"0":{"name":"Header","decl":{"start":{"line":16,"column":24},"end":{"line":16,"column":30}},"loc":{"start":{"line":16,"column":33},"end":{"line":161,"column":1}},"line":16},"1":{"name":"(anonymous_1)","decl":{"start":{"line":21,"column":12},"end":{"line":21,"column":13}},"loc":{"start":{"line":21,"column":18},"end":{"line":24,"column":3}},"line":21},"2":{"name":"(anonymous_2)","decl":{"start":{"line":26,"column":24},"end":{"line":26,"column":25}},"loc":{"start":{"line":26,"column":30},"end":{"line":31,"column":3}},"line":26},"3":{"name":"(anonymous_3)","decl":{"start":{"line":33,"column":25},"end":{"line":33,"column":26}},"loc":{"start":{"line":33,"column":36},"end":{"line":38,"column":3}},"line":33},"4":{"name":"(anonymous_4)","decl":{"start":{"line":40,"column":23},"end":{"line":40,"column":24}},"loc":{"start":{"line":40,"column":34},"end":{"line":42,"column":3}},"line":40},"5":{"name":"(anonymous_5)","decl":{"start":{"line":44,"column":22},"end":{"line":44,"column":23}},"loc":{"start":{"line":44,"column":28},"end":{"line":46,"column":3}},"line":44},"6":{"name":"(anonymous_6)","decl":{"start":{"line":47,"column":21},"end":{"line":47,"column":22}},"loc":{"start":{"line":47,"column":27},"end":{"line":49,"column":3}},"line":47},"7":{"name":"(anonymous_7)","decl":{"start":{"line":73,"column":27},"end":{"line":73,"column":28}},"loc":{"start":{"line":74,"column":16},"end":{"line":74,"column":68}},"line":74},"8":{"name":"(anonymous_8)","decl":{"start":{"line":84,"column":23},"end":{"line":84,"column":24}},"loc":{"start":{"line":85,"column":14},"end":{"line":85,"column":63}},"line":85},"9":{"name":"(anonymous_9)","decl":{"start":{"line":95,"column":23},"end":{"line":95,"column":24}},"loc":{"start":{"line":96,"column":14},"end":{"line":96,"column":63}},"line":96},"10":{"name":"(anonymous_10)","decl":{"start":{"line":106,"column":23},"end":{"line":106,"column":24}},"loc":{"start":{"line":107,"column":14},"end":{"line":107,"column":63}},"line":107},"11":{"name":"(anonymous_11)","decl":{"start":{"line":117,"column":23},"end":{"line":117,"column":24}},"loc":{"start":{"line":118,"column":14},"end":{"line":118,"column":63}},"line":118},"12":{"name":"(anonymous_12)","decl":{"start":{"line":128,"column":23},"end":{"line":128,"column":24}},"loc":{"start":{"line":129,"column":14},"end":{"line":129,"column":63}},"line":129}},"branchMap":{"0":{"loc":{"start":{"line":22,"column":18},"end":{"line":22,"column":67}},"type":"binary-expr","locations":[{"start":{"line":22,"column":18},"end":{"line":22,"column":61}},{"start":{"line":22,"column":65},"end":{"line":22,"column":67}}],"line":22},"1":{"loc":{"start":{"line":34,"column":4},"end":{"line":37,"column":5}},"type":"if","locations":[{"start":{"line":34,"column":4},"end":{"line":37,"column":5}},{"start":{},"end":{}}],"line":34},"2":{"loc":{"start":{"line":69,"column":9},"end":{"line":78,"column":11}},"type":"binary-expr","locations":[{"start":{"line":69,"column":9},"end":{"line":69,"column":14}},{"start":{"line":69,"column":18},"end":{"line":69,"column":36}},{"start":{"line":70,"column":10},"end":{"line":77,"column":18}}],"line":69},"3":{"loc":{"start":{"line":85,"column":32},"end":{"line":85,"column":61}},"type":"cond-expr","locations":[{"start":{"line":85,"column":43},"end":{"line":85,"column":56}},{"start":{"line":85,"column":59},"end":{"line":85,"column":61}}],"line":85},"4":{"loc":{"start":{"line":96,"column":32},"end":{"line":96,"column":61}},"type":"cond-expr","locations":[{"start":{"line":96,"column":43},"end":{"line":96,"column":56}},{"start":{"line":96,"column":59},"end":{"line":96,"column":61}}],"line":96},"5":{"loc":{"start":{"line":107,"column":32},"end":{"line":107,"column":61}},"type":"cond-expr","locations":[{"start":{"line":107,"column":43},"end":{"line":107,"column":56}},{"start":{"line":107,"column":59},"end":{"line":107,"column":61}}],"line":107},"6":{"loc":{"start":{"line":118,"column":32},"end":{"line":118,"column":61}},"type":"cond-expr","locations":[{"start":{"line":118,"column":43},"end":{"line":118,"column":56}},{"start":{"line":118,"column":59},"end":{"line":118,"column":61}}],"line":118},"7":{"loc":{"start":{"line":129,"column":32},"end":{"line":129,"column":61}},"type":"cond-expr","locations":[{"start":{"line":129,"column":43},"end":{"line":129,"column":56}},{"start":{"line":129,"column":59},"end":{"line":129,"column":61}}],"line":129}},"s":{"0":4,"1":4,"2":4,"3":4,"4":2,"5":2,"6":4,"7":0,"8":0,"9":0,"10":0,"11":4,"12":0,"13":0,"14":0,"15":4,"16":0,"17":4,"18":0,"19":4,"20":0,"21":4,"22":0,"23":4,"24":4,"25":4,"26":4,"27":4},"f":{"0":4,"1":2,"2":0,"3":0,"4":0,"5":0,"6":0,"7":0,"8":4,"9":4,"10":4,"11":4,"12":4},"b":{"0":[2,2],"1":[0,0],"2":[4,0,0],"3":[4,0],"4":[0,4],"5":[0,4],"6":[0,4],"7":[0,4]},"_coverageSchema":"1a1c01bbd47fc00a2c39e90264f33305004495a9","hash":"206e70d8825ae4f5b9986af22f299c5bf72876af"}
,"/Users/developer/Final-Project-Linkedin-1/final-project/src/images/Arrow/index.jsx": {"path":"/Users/developer/Final-Project-Linkedin-1/final-project/src/images/Arrow/index.jsx","statementMap":{"0":{"start":{"line":4,"column":2},"end":{"line":19,"column":4}}},"fnMap":{"0":{"name":"index","decl":{"start":{"line":3,"column":24},"end":{"line":3,"column":29}},"loc":{"start":{"line":3,"column":32},"end":{"line":20,"column":1}},"line":3}},"branchMap":{},"s":{"0":8},"f":{"0":8},"b":{},"_coverageSchema":"1a1c01bbd47fc00a2c39e90264f33305004495a9","hash":"bc67bcd6ca6155232168eb0f621c0d61168e62c8"}
,"/Users/developer/Final-Project-Linkedin-1/final-project/src/images/Home/index.jsx": {"path":"/Users/developer/Final-Project-Linkedin-1/final-project/src/images/Home/index.jsx","statementMap":{"0":{"start":{"line":4,"column":2},"end":{"line":19,"column":4}}},"fnMap":{"0":{"name":"Home","decl":{"start":{"line":3,"column":24},"end":{"line":3,"column":28}},"loc":{"start":{"line":3,"column":31},"end":{"line":20,"column":1}},"line":3}},"branchMap":{},"s":{"0":4},"f":{"0":4},"b":{},"_coverageSchema":"1a1c01bbd47fc00a2c39e90264f33305004495a9","hash":"da8229fa4425298bc9402ce03b5efb7c2d0456cc"}
,"/Users/developer/Final-Project-Linkedin-1/final-project/src/images/Jobs/index.jsx": {"path":"/Users/developer/Final-Project-Linkedin-1/final-project/src/images/Jobs/index.jsx","statementMap":{"0":{"start":{"line":4,"column":2},"end":{"line":25,"column":4}}},"fnMap":{"0":{"name":"Jobs","decl":{"start":{"line":3,"column":24},"end":{"line":3,"column":28}},"loc":{"start":{"line":3,"column":31},"end":{"line":26,"column":1}},"line":3}},"branchMap":{},"s":{"0":4},"f":{"0":4},"b":{},"_coverageSchema":"1a1c01bbd47fc00a2c39e90264f33305004495a9","hash":"889b94b5301b83477d0fcd3e05a08081ca9d72ec"}
,"/Users/developer/Final-Project-Linkedin-1/final-project/src/images/Logo/Logo.jsx": {"path":"/Users/developer/Final-Project-Linkedin-1/final-project/src/images/Logo/Logo.jsx","statementMap":{"0":{"start":{"line":5,"column":2},"end":{"line":22,"column":4}}},"fnMap":{"0":{"name":"Logo","decl":{"start":{"line":4,"column":24},"end":{"line":4,"column":28}},"loc":{"start":{"line":4,"column":44},"end":{"line":23,"column":1}},"line":4}},"branchMap":{},"s":{"0":4},"f":{"0":4},"b":{},"_coverageSchema":"1a1c01bbd47fc00a2c39e90264f33305004495a9","hash":"4b9f9634b07098dd36853758bedbee5c95fce81e"}
,"/Users/developer/Final-Project-Linkedin-1/final-project/src/images/Messages/index.jsx": {"path":"/Users/developer/Final-Project-Linkedin-1/final-project/src/images/Messages/index.jsx","statementMap":{"0":{"start":{"line":2,"column":2},"end":{"line":20,"column":4}}},"fnMap":{"0":{"name":"Messages","decl":{"start":{"line":1,"column":24},"end":{"line":1,"column":32}},"loc":{"start":{"line":1,"column":46},"end":{"line":21,"column":1}},"line":1}},"branchMap":{},"s":{"0":8},"f":{"0":8},"b":{},"_coverageSchema":"1a1c01bbd47fc00a2c39e90264f33305004495a9","hash":"d524f214fa9c0b99c1182563c070aacee3b7a54c"}
,"/Users/developer/Final-Project-Linkedin-1/final-project/src/images/Net/index.jsx": {"path":"/Users/developer/Final-Project-Linkedin-1/final-project/src/images/Net/index.jsx","statementMap":{"0":{"start":{"line":4,"column":2},"end":{"line":25,"column":4}}},"fnMap":{"0":{"name":"Net","decl":{"start":{"line":3,"column":24},"end":{"line":3,"column":27}},"loc":{"start":{"line":3,"column":30},"end":{"line":26,"column":1}},"line":3}},"branchMap":{},"s":{"0":4},"f":{"0":4},"b":{},"_coverageSchema":"1a1c01bbd47fc00a2c39e90264f33305004495a9","hash":"856058f5b1c0e79afedd2c9896e26b411d71c869"}
,"/Users/developer/Final-Project-Linkedin-1/final-project/src/images/Notifications/index.jsx": {"path":"/Users/developer/Final-Project-Linkedin-1/final-project/src/images/Notifications/index.jsx","statementMap":{"0":{"start":{"line":4,"column":2},"end":{"line":23,"column":4}}},"fnMap":{"0":{"name":"Notifications","decl":{"start":{"line":3,"column":24},"end":{"line":3,"column":37}},"loc":{"start":{"line":3,"column":40},"end":{"line":24,"column":1}},"line":3}},"branchMap":{},"s":{"0":4},"f":{"0":4},"b":{},"_coverageSchema":"1a1c01bbd47fc00a2c39e90264f33305004495a9","hash":"7a5b964c30e222750f83c4ca44011e48e38582f9"}
,"/Users/developer/Final-Project-Linkedin-1/final-project/src/images/Profile/index.jsx": {"path":"/Users/developer/Final-Project-Linkedin-1/final-project/src/images/Profile/index.jsx","statementMap":{"0":{"start":{"line":4,"column":2},"end":{"line":4,"column":48}}},"fnMap":{"0":{"name":"Profile","decl":{"start":{"line":3,"column":24},"end":{"line":3,"column":31}},"loc":{"start":{"line":3,"column":34},"end":{"line":5,"column":1}},"line":3}},"branchMap":{},"s":{"0":4},"f":{"0":4},"b":{},"_coverageSchema":"1a1c01bbd47fc00a2c39e90264f33305004495a9","hash":"57e3efc726269984dd0bd03f593d9547629c5972"}
,"/Users/developer/Final-Project-Linkedin-1/final-project/src/images/Search/index.jsx": {"path":"/Users/developer/Final-Project-Linkedin-1/final-project/src/images/Search/index.jsx","statementMap":{"0":{"start":{"line":4,"column":2},"end":{"line":21,"column":4}}},"fnMap":{"0":{"name":"Search","decl":{"start":{"line":3,"column":24},"end":{"line":3,"column":30}},"loc":{"start":{"line":3,"column":33},"end":{"line":22,"column":1}},"line":3}},"branchMap":{},"s":{"0":4},"f":{"0":4},"b":{},"_coverageSchema":"1a1c01bbd47fc00a2c39e90264f33305004495a9","hash":"112989b0b557ecddc8b3509b4eceee0dbe407d26"}
,"/Users/developer/Final-Project-Linkedin-1/final-project/src/images/Work/index.jsx": {"path":"/Users/developer/Final-Project-Linkedin-1/final-project/src/images/Work/index.jsx","statementMap":{"0":{"start":{"line":4,"column":2},"end":{"line":78,"column":4}}},"fnMap":{"0":{"name":"Work","decl":{"start":{"line":3,"column":24},"end":{"line":3,"column":28}},"loc":{"start":{"line":3,"column":31},"end":{"line":79,"column":1}},"line":3}},"branchMap":{},"s":{"0":4},"f":{"0":4},"b":{},"_coverageSchema":"1a1c01bbd47fc00a2c39e90264f33305004495a9","hash":"ba1db2c69b6c8ebe30d52838c5b25f5e7da324d5"}
,"/Users/developer/Final-Project-Linkedin-1/final-project/src/pages/Home.jsx": {"path":"/Users/developer/Final-Project-Linkedin-1/final-project/src/pages/Home.jsx","statementMap":{"0":{"start":{"line":4,"column":2},"end":{"line":6,"column":3}}},"fnMap":{"0":{"name":"Home","decl":{"start":{"line":3,"column":24},"end":{"line":3,"column":28}},"loc":{"start":{"line":3,"column":31},"end":{"line":7,"column":1}},"line":3}},"branchMap":{},"s":{"0":1},"f":{"0":1},"b":{},"_coverageSchema":"1a1c01bbd47fc00a2c39e90264f33305004495a9","hash":"9a7886c2529fe286af5bf38366f50d301f1f5151"}
,"/Users/developer/Final-Project-Linkedin-1/final-project/src/redux/store.js": {"path":"/Users/developer/Final-Project-Linkedin-1/final-project/src/redux/store.js","statementMap":{"0":{"start":{"line":7,"column":14},"end":{"line":14,"column":2}}},"fnMap":{},"branchMap":{},"s":{"0":1},"f":{},"b":{},"_coverageSchema":"1a1c01bbd47fc00a2c39e90264f33305004495a9","hash":"1acaeb2502474d7573cb4be145f78158fdaa95df"}
,"/Users/developer/Final-Project-Linkedin-1/final-project/src/redux/slices/authSlice.js": {"path":"/Users/developer/Final-Project-Linkedin-1/final-project/src/redux/slices/authSlice.js","statementMap":{"0":{"start":{"line":3,"column":21},"end":{"line":8,"column":1}},"1":{"start":{"line":10,"column":14},"end":{"line":10,"column":16}},"2":{"start":{"line":12,"column":18},"end":{"line":64,"column":2}},"3":{"start":{"line":17,"column":6},"end":{"line":17,"column":35}},"4":{"start":{"line":20,"column":6},"end":{"line":20,"column":38}},"5":{"start":{"line":23,"column":25},"end":{"line":23,"column":60}},"6":{"start":{"line":24,"column":28},"end":{"line":24,"column":59}},"7":{"start":{"line":26,"column":6},"end":{"line":29,"column":7}},"8":{"start":{"line":27,"column":8},"end":{"line":27,"column":46}},"9":{"start":{"line":28,"column":8},"end":{"line":28,"column":15}},"10":{"start":{"line":30,"column":6},"end":{"line":33,"column":7}},"11":{"start":{"line":31,"column":8},"end":{"line":31,"column":110}},"12":{"start":{"line":32,"column":8},"end":{"line":32,"column":15}},"13":{"start":{"line":35,"column":6},"end":{"line":38,"column":7}},"14":{"start":{"line":36,"column":8},"end":{"line":36,"column":55}},"15":{"start":{"line":37,"column":8},"end":{"line":37,"column":15}},"16":{"start":{"line":40,"column":6},"end":{"line":40,"column":42}},"17":{"start":{"line":41,"column":6},"end":{"line":41,"column":25}},"18":{"start":{"line":42,"column":6},"end":{"line":42,"column":35}},"19":{"start":{"line":45,"column":30},"end":{"line":45,"column":48}},"20":{"start":{"line":46,"column":6},"end":{"line":49,"column":7}},"21":{"start":{"line":47,"column":8},"end":{"line":47,"column":54}},"22":{"start":{"line":48,"column":8},"end":{"line":48,"column":15}},"23":{"start":{"line":50,"column":6},"end":{"line":53,"column":7}},"24":{"start":{"line":51,"column":8},"end":{"line":51,"column":62}},"25":{"start":{"line":52,"column":8},"end":{"line":52,"column":15}},"26":{"start":{"line":55,"column":6},"end":{"line":55,"column":25}},"27":{"start":{"line":56,"column":6},"end":{"line":56,"column":35}},"28":{"start":{"line":59,"column":6},"end":{"line":59,"column":23}},"29":{"start":{"line":60,"column":6},"end":{"line":60,"column":26}},"30":{"start":{"line":61,"column":6},"end":{"line":61,"column":36}},"31":{"start":{"line":66,"column":66},"end":{"line":66,"column":83}}},"fnMap":{"0":{"name":"(anonymous_0)","decl":{"start":{"line":16,"column":4},"end":{"line":16,"column":5}},"loc":{"start":{"line":16,"column":28},"end":{"line":18,"column":5}},"line":16},"1":{"name":"(anonymous_1)","decl":{"start":{"line":19,"column":4},"end":{"line":19,"column":5}},"loc":{"start":{"line":19,"column":31},"end":{"line":21,"column":5}},"line":19},"2":{"name":"(anonymous_2)","decl":{"start":{"line":22,"column":4},"end":{"line":22,"column":5}},"loc":{"start":{"line":22,"column":20},"end":{"line":43,"column":5}},"line":22},"3":{"name":"(anonymous_3)","decl":{"start":{"line":44,"column":4},"end":{"line":44,"column":5}},"loc":{"start":{"line":44,"column":17},"end":{"line":57,"column":5}},"line":44},"4":{"name":"(anonymous_4)","decl":{"start":{"line":58,"column":4},"end":{"line":58,"column":5}},"loc":{"start":{"line":58,"column":18},"end":{"line":62,"column":5}},"line":58}},"branchMap":{"0":{"loc":{"start":{"line":26,"column":6},"end":{"line":29,"column":7}},"type":"if","locations":[{"start":{"line":26,"column":6},"end":{"line":29,"column":7}},{"start":{},"end":{}}],"line":26},"1":{"loc":{"start":{"line":30,"column":6},"end":{"line":33,"column":7}},"type":"if","locations":[{"start":{"line":30,"column":6},"end":{"line":33,"column":7}},{"start":{},"end":{}}],"line":30},"2":{"loc":{"start":{"line":35,"column":6},"end":{"line":38,"column":7}},"type":"if","locations":[{"start":{"line":35,"column":6},"end":{"line":38,"column":7}},{"start":{},"end":{}}],"line":35},"3":{"loc":{"start":{"line":46,"column":6},"end":{"line":49,"column":7}},"type":"if","locations":[{"start":{"line":46,"column":6},"end":{"line":49,"column":7}},{"start":{},"end":{}}],"line":46},"4":{"loc":{"start":{"line":50,"column":6},"end":{"line":53,"column":7}},"type":"if","locations":[{"start":{"line":50,"column":6},"end":{"line":53,"column":7}},{"start":{},"end":{}}],"line":50}},"s":{"0":2,"1":2,"2":2,"3":1,"4":1,"5":6,"6":6,"7":6,"8":1,"9":1,"10":5,"11":1,"12":1,"13":4,"14":2,"15":2,"16":2,"17":2,"18":2,"19":2,"20":2,"21":0,"22":0,"23":2,"24":1,"25":1,"26":1,"27":1,"28":1,"29":1,"30":1,"31":2},"f":{"0":1,"1":1,"2":6,"3":2,"4":1},"b":{"0":[1,5],"1":[1,4],"2":[2,2],"3":[0,2],"4":[1,1]},"_coverageSchema":"1a1c01bbd47fc00a2c39e90264f33305004495a9","hash":"b65d311ff4258ba3da8a3b697deb6fa18222133c"}
,"/Users/developer/Final-Project-Linkedin-1/final-project/src/redux/slices/friendProfileSlice.js": {"path":"/Users/developer/Final-Project-Linkedin-1/final-project/src/redux/slices/friendProfileSlice.js","statementMap":{"0":{"start":{"line":4,"column":26},"end":{"line":14,"column":1}},"1":{"start":{"line":7,"column":21},"end":{"line":7,"column":60}},"2":{"start":{"line":8,"column":4},"end":{"line":10,"column":5}},"3":{"start":{"line":9,"column":6},"end":{"line":9,"column":54}},"4":{"start":{"line":11,"column":17},"end":{"line":11,"column":38}},"5":{"start":{"line":12,"column":4},"end":{"line":12,"column":16}},"6":{"start":{"line":17,"column":21},"end":{"line":22,"column":1}},"7":{"start":{"line":24,"column":28},"end":{"line":59,"column":2}},"8":{"start":{"line":29,"column":29},"end":{"line":29,"column":90}},"9":{"start":{"line":29,"column":60},"end":{"line":29,"column":89}},"10":{"start":{"line":30,"column":6},"end":{"line":33,"column":7}},"11":{"start":{"line":31,"column":8},"end":{"line":31,"column":47}},"12":{"start":{"line":32,"column":8},"end":{"line":32,"column":56}},"13":{"start":{"line":37,"column":6},"end":{"line":37,"column":54}},"14":{"start":{"line":41,"column":6},"end":{"line":41,"column":87}},"15":{"start":{"line":41,"column":59},"end":{"line":41,"column":85}},"16":{"start":{"line":45,"column":4},"end":{"line":57,"column":9}},"17":{"start":{"line":47,"column":8},"end":{"line":47,"column":29}},"18":{"start":{"line":48,"column":8},"end":{"line":48,"column":27}},"19":{"start":{"line":51,"column":8},"end":{"line":51,"column":30}},"20":{"start":{"line":52,"column":8},"end":{"line":52,"column":43}},"21":{"start":{"line":55,"column":8},"end":{"line":55,"column":30}},"22":{"start":{"line":56,"column":8},"end":{"line":56,"column":43}},"23":{"start":{"line":61,"column":76},"end":{"line":61,"column":103}}},"fnMap":{"0":{"name":"(anonymous_0)","decl":{"start":{"line":6,"column":2},"end":{"line":6,"column":3}},"loc":{"start":{"line":6,"column":14},"end":{"line":13,"column":3}},"line":6},"1":{"name":"(anonymous_1)","decl":{"start":{"line":28,"column":4},"end":{"line":28,"column":5}},"loc":{"start":{"line":28,"column":29},"end":{"line":34,"column":5}},"line":28},"2":{"name":"(anonymous_2)","decl":{"start":{"line":29,"column":52},"end":{"line":29,"column":53}},"loc":{"start":{"line":29,"column":60},"end":{"line":29,"column":89}},"line":29},"3":{"name":"(anonymous_3)","decl":{"start":{"line":35,"column":4},"end":{"line":35,"column":5}},"loc":{"start":{"line":35,"column":33},"end":{"line":38,"column":5}},"line":35},"4":{"name":"(anonymous_4)","decl":{"start":{"line":39,"column":4},"end":{"line":39,"column":5}},"loc":{"start":{"line":39,"column":32},"end":{"line":42,"column":5}},"line":39},"5":{"name":"(anonymous_5)","decl":{"start":{"line":41,"column":51},"end":{"line":41,"column":52}},"loc":{"start":{"line":41,"column":59},"end":{"line":41,"column":85}},"line":41},"6":{"name":"(anonymous_6)","decl":{"start":{"line":44,"column":17},"end":{"line":44,"column":18}},"loc":{"start":{"line":44,"column":30},"end":{"line":58,"column":3}},"line":44},"7":{"name":"(anonymous_7)","decl":{"start":{"line":46,"column":35},"end":{"line":46,"column":36}},"loc":{"start":{"line":46,"column":46},"end":{"line":49,"column":7}},"line":46},"8":{"name":"(anonymous_8)","decl":{"start":{"line":50,"column":37},"end":{"line":50,"column":38}},"loc":{"start":{"line":50,"column":56},"end":{"line":53,"column":7}},"line":50},"9":{"name":"(anonymous_9)","decl":{"start":{"line":54,"column":36},"end":{"line":54,"column":37}},"loc":{"start":{"line":54,"column":55},"end":{"line":57,"column":7}},"line":54}},"branchMap":{"0":{"loc":{"start":{"line":8,"column":4},"end":{"line":10,"column":5}},"type":"if","locations":[{"start":{"line":8,"column":4},"end":{"line":10,"column":5}},{"start":{},"end":{}}],"line":8},"1":{"loc":{"start":{"line":30,"column":6},"end":{"line":33,"column":7}},"type":"if","locations":[{"start":{"line":30,"column":6},"end":{"line":33,"column":7}},{"start":{},"end":{}}],"line":30}},"s":{"0":2,"1":1,"2":1,"3":0,"4":1,"5":1,"6":2,"7":2,"8":2,"9":1,"10":2,"11":1,"12":1,"13":1,"14":1,"15":2,"16":2,"17":2,"18":2,"19":2,"20":2,"21":1,"22":1,"23":2},"f":{"0":1,"1":2,"2":1,"3":1,"4":1,"5":2,"6":2,"7":2,"8":2,"9":1},"b":{"0":[0,1],"1":[1,1]},"_coverageSchema":"1a1c01bbd47fc00a2c39e90264f33305004495a9","hash":"14f44d6b91ec9c1c97eac7222b8b8e941e968f9b"}
,"/Users/developer/Final-Project-Linkedin-1/final-project/src/redux/slices/modal.js": {"path":"/Users/developer/Final-Project-Linkedin-1/final-project/src/redux/slices/modal.js","statementMap":{"0":{"start":{"line":3,"column":21},"end":{"line":6,"column":1}},"1":{"start":{"line":8,"column":33},"end":{"line":25,"column":2}},"2":{"start":{"line":13,"column":8},"end":{"line":13,"column":38}},"3":{"start":{"line":16,"column":8},"end":{"line":16,"column":39}},"4":{"start":{"line":19,"column":8},"end":{"line":19,"column":35}},"5":{"start":{"line":22,"column":8},"end":{"line":22,"column":36}},"6":{"start":{"line":32,"column":4},"end":{"line":32,"column":36}}},"fnMap":{"0":{"name":"(anonymous_0)","decl":{"start":{"line":12,"column":4},"end":{"line":12,"column":5}},"loc":{"start":{"line":12,"column":34},"end":{"line":14,"column":5}},"line":12},"1":{"name":"(anonymous_1)","decl":{"start":{"line":15,"column":4},"end":{"line":15,"column":5}},"loc":{"start":{"line":15,"column":35},"end":{"line":17,"column":5}},"line":15},"2":{"name":"(anonymous_2)","decl":{"start":{"line":18,"column":4},"end":{"line":18,"column":5}},"loc":{"start":{"line":18,"column":31},"end":{"line":20,"column":5}},"line":18},"3":{"name":"(anonymous_3)","decl":{"start":{"line":21,"column":4},"end":{"line":21,"column":5}},"loc":{"start":{"line":21,"column":32},"end":{"line":23,"column":5}},"line":21}},"branchMap":{},"s":{"0":2,"1":2,"2":1,"3":1,"4":1,"5":1,"6":2},"f":{"0":1,"1":1,"2":1,"3":1},"b":{},"_coverageSchema":"1a1c01bbd47fc00a2c39e90264f33305004495a9","hash":"7f04889f1d84abb35fb52d28d03961c72fae0798"}
,"/Users/developer/Final-Project-Linkedin-1/final-project/src/redux/slices/profileSlice.js": {"path":"/Users/developer/Final-Project-Linkedin-1/final-project/src/redux/slices/profileSlice.js","statementMap":{"0":{"start":{"line":3,"column":28},"end":{"line":14,"column":1}},"1":{"start":{"line":6,"column":21},"end":{"line":6,"column":53}},"2":{"start":{"line":7,"column":4},"end":{"line":9,"column":5}},"3":{"start":{"line":8,"column":6},"end":{"line":8,"column":54}},"4":{"start":{"line":10,"column":17},"end":{"line":10,"column":38}},"5":{"start":{"line":11,"column":4},"end":{"line":11,"column":47}},"6":{"start":{"line":12,"column":4},"end":{"line":12,"column":16}},"7":{"start":{"line":16,"column":21},"end":{"line":20,"column":1}},"8":{"start":{"line":23,"column":21},"end":{"line":50,"column":2}},"9":{"start":{"line":29,"column":6},"end":{"line":32,"column":8}},"10":{"start":{"line":36,"column":4},"end":{"line":48,"column":9}},"11":{"start":{"line":38,"column":8},"end":{"line":38,"column":29}},"12":{"start":{"line":39,"column":8},"end":{"line":39,"column":27}},"13":{"start":{"line":42,"column":8},"end":{"line":42,"column":30}},"14":{"start":{"line":43,"column":8},"end":{"line":43,"column":43}},"15":{"start":{"line":46,"column":8},"end":{"line":46,"column":30}},"16":{"start":{"line":47,"column":8},"end":{"line":47,"column":43}},"17":{"start":{"line":52,"column":34},"end":{"line":52,"column":54}}},"fnMap":{"0":{"name":"(anonymous_0)","decl":{"start":{"line":5,"column":2},"end":{"line":5,"column":3}},"loc":{"start":{"line":5,"column":14},"end":{"line":13,"column":3}},"line":5},"1":{"name":"(anonymous_1)","decl":{"start":{"line":27,"column":20},"end":{"line":27,"column":21}},"loc":{"start":{"line":27,"column":39},"end":{"line":33,"column":5}},"line":27},"2":{"name":"(anonymous_2)","decl":{"start":{"line":35,"column":17},"end":{"line":35,"column":18}},"loc":{"start":{"line":35,"column":30},"end":{"line":49,"column":3}},"line":35},"3":{"name":"(anonymous_3)","decl":{"start":{"line":37,"column":37},"end":{"line":37,"column":38}},"loc":{"start":{"line":37,"column":48},"end":{"line":40,"column":7}},"line":37},"4":{"name":"(anonymous_4)","decl":{"start":{"line":41,"column":39},"end":{"line":41,"column":40}},"loc":{"start":{"line":41,"column":58},"end":{"line":44,"column":7}},"line":41},"5":{"name":"(anonymous_5)","decl":{"start":{"line":45,"column":38},"end":{"line":45,"column":39}},"loc":{"start":{"line":45,"column":57},"end":{"line":48,"column":7}},"line":45}},"branchMap":{"0":{"loc":{"start":{"line":7,"column":4},"end":{"line":9,"column":5}},"type":"if","locations":[{"start":{"line":7,"column":4},"end":{"line":9,"column":5}},{"start":{},"end":{}}],"line":7}},"s":{"0":2,"1":1,"2":1,"3":0,"4":1,"5":1,"6":1,"7":2,"8":2,"9":1,"10":2,"11":2,"12":2,"13":2,"14":2,"15":1,"16":1,"17":2},"f":{"0":1,"1":1,"2":2,"3":2,"4":2,"5":1},"b":{"0":[0,1]},"_coverageSchema":"1a1c01bbd47fc00a2c39e90264f33305004495a9","hash":"2f31a9efbfd15d5b30de9d788d3e49c2685a3f04"}
}
