TN:
SF:src\redux\slices\authSlice.js
FN:16,(anonymous_0)
FN:19,(anonymous_1)
FN:22,(anonymous_2)
FN:44,(anonymous_3)
FN:58,(anonymous_4)
FNF:5
FNH:5
FNDA:1,(anonymous_0)
FNDA:1,(anonymous_1)
FNDA:6,(anonymous_2)
FNDA:2,(anonymous_3)
FNDA:1,(anonymous_4)
DA:3,1
DA:10,1
DA:12,1
DA:17,1
DA:20,1
DA:23,6
DA:24,6
DA:26,6
DA:27,1
DA:28,1
DA:30,5
DA:31,1
DA:32,1
DA:35,4
DA:36,2
DA:37,2
DA:40,2
DA:41,2
DA:42,2
DA:45,2
DA:46,2
DA:47,0
DA:48,0
DA:50,2
DA:51,1
DA:52,1
DA:55,1
DA:56,1
DA:59,1
DA:60,1
DA:61,1
DA:66,1
LF:32
LH:30
BRDA:26,0,0,1
BRDA:26,0,1,5
BRDA:30,1,0,1
BRDA:30,1,1,4
BRDA:35,2,0,2
BRDA:35,2,1,2
BRDA:46,3,0,0
BRDA:46,3,1,2
BRDA:50,4,0,1
BRDA:50,4,1,1
BRF:10
BRH:9
end_of_record
TN:
SF:src\redux\slices\friendProfileSlice.js
FN:6,(anonymous_0)
FN:28,(anonymous_1)
FN:29,(anonymous_2)
FN:35,(anonymous_3)
FN:39,(anonymous_4)
FN:41,(anonymous_5)
FN:44,(anonymous_6)
FN:46,(anonymous_7)
FN:50,(anonymous_8)
FN:54,(anonymous_9)
FNF:10
FNH:10
FNDA:1,(anonymous_0)
FNDA:2,(anonymous_1)
FNDA:1,(anonymous_2)
FNDA:1,(anonymous_3)
FNDA:1,(anonymous_4)
FNDA:2,(anonymous_5)
FNDA:1,(anonymous_6)
FNDA:2,(anonymous_7)
FNDA:2,(anonymous_8)
FNDA:1,(anonymous_9)
DA:4,1
DA:7,1
DA:8,1
DA:9,0
DA:11,1
DA:12,1
DA:17,1
DA:24,1
DA:29,2
DA:30,2
DA:31,1
DA:32,1
DA:37,1
DA:41,2
DA:45,1
DA:47,2
DA:48,2
DA:51,2
DA:52,2
DA:55,1
DA:56,1
DA:61,1
LF:22
LH:21
BRDA:8,0,0,0
BRDA:8,0,1,1
BRDA:30,1,0,1
BRDA:30,1,1,1
BRF:4
BRH:3
end_of_record
TN:
SF:src\redux\slices\modal.js
FN:12,(anonymous_0)
FN:15,(anonymous_1)
FN:18,(anonymous_2)
FN:21,(anonymous_3)
FNF:4
FNH:4
FNDA:1,(anonymous_0)
FNDA:1,(anonymous_1)
FNDA:1,(anonymous_2)
FNDA:1,(anonymous_3)
DA:3,1
DA:8,1
DA:13,1
DA:16,1
DA:19,1
DA:22,1
DA:32,1
LF:7
LH:7
BRF:0
BRH:0
end_of_record
TN:
SF:src\redux\slices\profileSlice.js
FN:5,(anonymous_0)
FN:27,(anonymous_1)
FN:35,(anonymous_2)
FN:37,(anonymous_3)
FN:41,(anonymous_4)
FN:45,(anonymous_5)
FNF:6
FNH:6
FNDA:1,(anonymous_0)
FNDA:1,(anonymous_1)
FNDA:1,(anonymous_2)
FNDA:2,(anonymous_3)
FNDA:2,(anonymous_4)
FNDA:1,(anonymous_5)
DA:3,1
DA:6,1
DA:7,1
DA:8,0
DA:10,1
DA:11,1
DA:12,1
DA:16,1
DA:23,1
DA:29,1
DA:36,1
DA:38,2
DA:39,2
DA:42,2
DA:43,2
DA:46,1
DA:47,1
DA:52,1
LF:18
LH:17
BRDA:7,0,0,0
BRDA:7,0,1,1
BRF:2
BRH:1
end_of_record
