TN:
SF:src\redux\slices\authSlice.js
FN:17,(anonymous_0)
FN:20,(anonymous_1)
FN:23,(anonymous_2)
FN:46,(anonymous_3)
FN:61,(anonymous_4)
FNF:5
FNH:5
FNDA:1,(anonymous_0)
FNDA:1,(anonymous_1)
FNDA:6,(anonymous_2)
FNDA:2,(anonymous_3)
FNDA:1,(anonymous_4)
DA:3,1
DA:11,1
DA:13,1
DA:18,1
DA:21,1
DA:24,6
DA:25,6
DA:27,6
DA:28,1
DA:29,1
DA:31,5
DA:32,1
DA:33,1
DA:36,4
DA:37,2
DA:38,2
DA:41,2
DA:42,2
DA:43,2
DA:44,2
DA:47,2
DA:48,2
DA:49,0
DA:50,0
DA:52,2
DA:53,1
DA:54,1
DA:57,1
DA:58,1
DA:59,1
DA:62,1
DA:63,1
DA:64,1
DA:69,1
LF:34
LH:32
BRDA:27,0,0,1
BRDA:27,0,1,5
BRDA:31,1,0,1
BRDA:31,1,1,4
BRDA:36,2,0,2
BRDA:36,2,1,2
BRDA:48,3,0,0
BRDA:48,3,1,2
BRDA:52,4,0,1
BRDA:52,4,1,1
BRF:10
BRH:9
end_of_record
TN:
SF:src\redux\slices\friendProfileSlice.js
FN:6,(anonymous_0)
FN:29,(anonymous_1)
FN:30,(anonymous_2)
FN:36,(anonymous_3)
FN:38,(anonymous_4)
FN:40,(anonymous_5)
FN:45,(anonymous_6)
FN:47,(anonymous_7)
FN:51,(anonymous_8)
FN:55,(anonymous_9)
FNF:10
FNH:10
FNDA:1,(anonymous_0)
FNDA:2,(anonymous_1)
FNDA:1,(anonymous_2)
FNDA:1,(anonymous_3)
FNDA:2,(anonymous_4)
FNDA:1,(anonymous_5)
FNDA:1,(anonymous_6)
FNDA:2,(anonymous_7)
FNDA:2,(anonymous_8)
FNDA:1,(anonymous_9)
DA:4,1
DA:7,1
DA:8,1
DA:9,0
DA:11,1
DA:12,1
DA:17,1
DA:25,1
DA:30,2
DA:31,2
DA:32,1
DA:33,1
DA:38,2
DA:41,1
DA:42,1
DA:46,1
DA:48,2
DA:49,2
DA:52,2
DA:53,2
DA:56,1
DA:57,1
DA:62,1
LF:23
LH:22
BRDA:8,0,0,0
BRDA:8,0,1,1
BRDA:31,1,0,1
BRDA:31,1,1,1
BRF:4
BRH:3
end_of_record
TN:
SF:src\redux\slices\modal.js
FN:12,(anonymous_0)
FN:15,(anonymous_1)
FN:18,(anonymous_2)
FN:21,(anonymous_3)
FNF:4
FNH:4
FNDA:1,(anonymous_0)
FNDA:1,(anonymous_1)
FNDA:1,(anonymous_2)
FNDA:1,(anonymous_3)
DA:3,1
DA:8,1
DA:13,1
DA:16,1
DA:19,1
DA:22,1
DA:32,1
LF:7
LH:7
BRF:0
BRH:0
end_of_record
TN:
SF:src\redux\slices\profileSlice.js
FN:5,(anonymous_0)
FN:27,(anonymous_1)
FN:35,(anonymous_2)
FN:37,(anonymous_3)
FN:41,(anonymous_4)
FN:45,(anonymous_5)
FNF:6
FNH:6
FNDA:1,(anonymous_0)
FNDA:1,(anonymous_1)
FNDA:1,(anonymous_2)
FNDA:2,(anonymous_3)
FNDA:2,(anonymous_4)
FNDA:1,(anonymous_5)
DA:3,1
DA:6,1
DA:7,1
DA:8,0
DA:10,1
DA:11,1
DA:12,1
DA:16,1
DA:23,1
DA:29,1
DA:36,1
DA:38,2
DA:39,2
DA:42,2
DA:43,2
DA:46,1
DA:47,1
DA:52,1
LF:18
LH:17
BRDA:7,0,0,0
BRDA:7,0,1,1
BRF:2
BRH:1
end_of_record
